<?xml version="1.0" encoding="UTF-8"?>
<!-- Generated by org.testng.reporters.JUnitReportReporter -->
<testsuite hostname="DESKTOP-UVCNVNR" failures="0" tests="1" name="com.sevenrmartsupermarket.tests.HomeTest" time="15.230" errors="0" timestamp="2024-05-23T16:45:13 IST" skipped="0">
  <testcase classname="com.sevenrmartsupermarket.tests.HomeTest" name="verify_GraphicElements" time="15.230"/>
</testsuite> <!-- com.sevenrmartsupermarket.tests.HomeTest -->
