<?xml version="1.0" encoding="UTF-8"?>
<!-- Generated by org.testng.reporters.JUnitReportReporter -->
<testsuite hostname="DESKTOP-UVCNVNR" failures="0" tests="1" name="com.sevenrmartsupermarket.tests.ManageLocationTest" time="18.223" errors="0" timestamp="2024-05-20T20:13:39 IST" skipped="0">
  <testcase classname="com.sevenrmartsupermarket.tests.ManageLocationTest" name="verifyNewLocationCreation" time="18.223"/>
</testsuite> <!-- com.sevenrmartsupermarket.tests.ManageLocationTest -->
