<?xml version="1.0" encoding="UTF-8"?>
<!-- Generated by org.testng.reporters.JUnitReportReporter -->
<testsuite hostname="DESKTOP-UVCNVNR" failures="0" tests="1" name="com.sevenrmartsupermarket.tests.ManageProductTest" time="85.421" errors="0" timestamp="2024-05-17T19:16:33 IST" skipped="0">
  <testcase classname="com.sevenrmartsupermarket.tests.ManageProductTest" name="verifyProductNumbers" time="85.421"/>
</testsuite> <!-- com.sevenrmartsupermarket.tests.ManageProductTest -->
