<?xml version="1.0" encoding="UTF-8"?>
<!-- Generated by org.testng.reporters.JUnitReportReporter -->
<testsuite hostname="DESKTOP-UVCNVNR" failures="0" tests="1" name="com.sevenrmartsupermarket.tests.LoginTest" time="10.379" errors="0" timestamp="2024-05-15T21:48:06 IST" skipped="0">
  <testcase classname="com.sevenrmartsupermarket.tests.LoginTest" name="verifyInvalidUserLogin" time="10.379"/>
</testsuite> <!-- com.sevenrmartsupermarket.tests.LoginTest -->
