<?xml version="1.0" encoding="UTF-8"?>
<!-- Generated by org.testng.reporters.JUnitReportReporter -->
<testsuite hostname="DESKTOP-UVCNVNR" failures="0" tests="1" name="com.sevenrmartsupermarket.tests.ManageCategoryTest" time="22.763" errors="0" timestamp="2024-05-23T15:04:57 IST" skipped="0">
  <testcase classname="com.sevenrmartsupermarket.tests.ManageCategoryTest" name="verifyCategoryCreation" time="22.763"/>
</testsuite> <!-- com.sevenrmartsupermarket.tests.ManageCategoryTest -->
