<?xml version="1.0" encoding="UTF-8"?>
<!-- Generated by org.testng.reporters.JUnitReportReporter -->
<testsuite hostname="DESKTOP-UVCNVNR" failures="0" tests="1" name="com.sevenrmartsupermarket.tests.PushNotificationTest" time="19.242" errors="0" timestamp="2024-05-15T21:14:25 IST" skipped="0">
  <testcase classname="com.sevenrmartsupermarket.tests.PushNotificationTest" name="verifyReset" time="19.242"/>
</testsuite> <!-- com.sevenrmartsupermarket.tests.PushNotificationTest -->
