<?xml version="1.0" encoding="UTF-8"?>
<!-- Generated by org.testng.reporters.JUnitReportReporter -->
<testsuite hostname="DESKTOP-UVCNVNR" failures="0" tests="1" name="com.sevenrmartsupermarket.tests.ManageOrdersTest" time="25.625" errors="0" timestamp="2024-05-21T08:21:25 IST" skipped="0">
  <testcase classname="com.sevenrmartsupermarket.tests.ManageOrdersTest" name="verifyOrderStatusUpdate" time="25.625"/>
</testsuite> <!-- com.sevenrmartsupermarket.tests.ManageOrdersTest -->
