<?xml version="1.0" encoding="UTF-8"?>
<!-- Generated by org.testng.reporters.JUnitReportReporter -->
<testsuite hostname="DESKTOP-UVCNVNR" failures="0" tests="1" name="com.sevenrmartsupermarket.tests.HomeTest" time="11.502" errors="0" timestamp="2024-05-15T15:31:42 IST" skipped="0">
  <testcase classname="com.sevenrmartsupermarket.tests.HomeTest" name="aaaa" time="11.502"/>
</testsuite> <!-- com.sevenrmartsupermarket.tests.HomeTest -->
