<?xml version="1.0" encoding="UTF-8"?>
<!-- Generated by org.testng.reporters.JUnitReportReporter -->
<testsuite hostname="DESKTOP-UVCNVNR" failures="0" tests="1" name="com.sevenrmartsupermarket.tests.AdminUsersTest" time="16.579" errors="0" timestamp="2024-05-17T21:25:25 IST" skipped="0">
  <testcase classname="com.sevenrmartsupermarket.tests.AdminUsersTest" name="verifyDeactivationFunctionality" time="16.579"/>
</testsuite> <!-- com.sevenrmartsupermarket.tests.AdminUsersTest -->
