<?xml version="1.0" encoding="UTF-8"?>
<!-- Generated by org.testng.reporters.JUnitReportReporter -->
<testsuite hostname="DESKTOP-UVCNVNR" failures="0" tests="2" name="com.sevenrmartsupermarket.tests.HomeTest" time="29.213" errors="0" timestamp="2024-05-21T21:42:53 IST" skipped="0">
  <testcase classname="com.sevenrmartsupermarket.tests.HomeTest" name="verify_GraphicElements" time="15.046"/>
  <testcase classname="com.sevenrmartsupermarket.tests.HomeTest" name="verify_GraphicElements" time="14.167"/>
</testsuite> <!-- com.sevenrmartsupermarket.tests.HomeTest -->
