<?xml version="1.0" encoding="UTF-8"?>
<!-- Generated by org.testng.reporters.JUnitReportReporter -->
<testsuite hostname="DESKTOP-UVCNVNR" failures="0" tests="1" name="com.sevenrmartsupermarket.tests.ManageProductTest" time="82.678" errors="0" timestamp="2024-05-23T15:08:54 IST" skipped="0">
  <testcase classname="com.sevenrmartsupermarket.tests.ManageProductTest" name="verifyProductNumbers" time="82.678"/>
</testsuite> <!-- com.sevenrmartsupermarket.tests.ManageProductTest -->
